YaShiGe-Android-测试版/app/build/outputs/logs/manifest-merger-debug-report.txt
-- Merging decision tree log ---
manifest
ADDED from src/main/AndroidManifest.xml:2:1-130:12
	package
		ADDED from src/main/AndroidManifest.xml:3:5-30
		INJECTED from src/main/AndroidManifest.xml
		INJECTED from src/main/AndroidManifest.xml
	android:versionName
		INJECTED from src/main/AndroidManifest.xml
		INJECTED from src/main/AndroidManifest.xml
	xmlns:android
		ADDED from src/main/AndroidManifest.xml:2:11-69
	android:versionCode
		INJECTED from src/main/AndroidManifest.xml
		INJECTED from src/main/AndroidManifest.xml
uses-permission#android.permission.INTERNET
ADDED from src/main/AndroidManifest.xml:6:5-67
MERGED from [YaShiGe-Android-测试版:PushSDK:unspecified] AndroidManifest.xml:11:5-67
	android:name
		ADDED from src/main/AndroidManifest.xml:6:22-64
uses-permission#android.permission.ACCESS_FINE_LOCATION
ADDED from src/main/AndroidManifest.xml:7:5-79
	android:name
		ADDED from src/main/AndroidManifest.xml:7:22-76
uses-permission#android.permission.ACCESS_COARSE_LOCATION
ADDED from src/main/AndroidManifest.xml:8:5-81
	android:name
		ADDED from src/main/AndroidManifest.xml:8:22-78
uses-permission#android.permission.ACCESS_NETWORK_STATE
ADDED from src/main/AndroidManifest.xml:10:5-79
MERGED from [YaShiGe-Android-测试版:PushSDK:unspecified] AndroidManifest.xml:12:5-79
MERGED from [fm.jiecao:jiecaovideoplayer:5.6] AndroidManifest.xml:11:5-79
	android:name
		ADDED from src/main/AndroidManifest.xml:10:22-76
uses-permission#android.permission.ACCESS_WIFI_STATE
ADDED from src/main/AndroidManifest.xml:11:5-76
MERGED from [YaShiGe-Android-测试版:PushSDK:unspecified] AndroidManifest.xml:13:5-76
	android:name
		ADDED from src/main/AndroidManifest.xml:11:22-73
uses-permission#android.permission.WRITE_EXTERNAL_STORAGE
ADDED from src/main/AndroidManifest.xml:13:5-81
MERGED from [YaShiGe-Android-测试版:PushSDK:unspecified] AndroidManifest.xml:14:5-81
	android:name
		ADDED from src/main/AndroidManifest.xml:13:22-78
uses-permission#android.permission.READ_EXTERNAL_STORAGE
ADDED from src/main/AndroidManifest.xml:14:5-80
	android:name
		ADDED from src/main/AndroidManifest.xml:14:22-77
uses-permission#android.permission.DOWNLOAD_WITHOUT_NOTIFICATION
ADDED from src/main/AndroidManifest.xml:15:5-88
	android:name
		ADDED from src/main/AndroidManifest.xml:15:22-85
uses-permission#android.permission.INSTALL_PACKAGES
ADDED from src/main/AndroidManifest.xml:16:5-75
	android:name
		ADDED from src/main/AndroidManifest.xml:16:22-72
uses-permission#android.permission.READ_PHONE_STATE
ADDED from src/main/AndroidManifest.xml:21:5-75
MERGED from [YaShiGe-Android-测试版:PushSDK:unspecified] AndroidManifest.xml:16:5-75
	android:name
		ADDED from src/main/AndroidManifest.xml:21:22-72
uses-permission#android.permission.MOUNT_UNMOUNT_FILESYSTEMS
ADDED from src/main/AndroidManifest.xml:22:5-84
	android:name
		ADDED from src/main/AndroidManifest.xml:22:22-81
uses-permission#android.permission.WAKE_LOCK
ADDED from src/main/AndroidManifest.xml:27:5-68
MERGED from [YaShiGe-Android-测试版:PushSDK:unspecified] AndroidManifest.xml:15:5-68
	android:name
		ADDED from src/main/AndroidManifest.xml:27:22-65
uses-permission#android.permission.BROADCAST_PACKAGE_ADDED
ADDED from src/main/AndroidManifest.xml:29:5-82
MERGED from [YaShiGe-Android-测试版:PushSDK:unspecified] AndroidManifest.xml:17:5-82
	android:name
		ADDED from src/main/AndroidManifest.xml:29:22-79
uses-permission#android.permission.BROADCAST_PACKAGE_CHANGED
ADDED from src/main/AndroidManifest.xml:30:5-84
MERGED from [YaShiGe-Android-测试版:PushSDK:unspecified] AndroidManifest.xml:18:5-84
	android:name
		ADDED from src/main/AndroidManifest.xml:30:22-81
uses-permission#android.permission.BROADCAST_PACKAGE_INSTALL
ADDED from src/main/AndroidManifest.xml:31:5-84
MERGED from [YaShiGe-Android-测试版:PushSDK:unspecified] AndroidManifest.xml:19:5-84
	android:name
		ADDED from src/main/AndroidManifest.xml:31:22-81
uses-permission#android.permission.BROADCAST_PACKAGE_REPLACED
ADDED from src/main/AndroidManifest.xml:32:5-85
MERGED from [YaShiGe-Android-测试版:PushSDK:unspecified] AndroidManifest.xml:20:5-85
	android:name
		ADDED from src/main/AndroidManifest.xml:32:22-82
uses-permission#android.permission.RESTART_PACKAGES
ADDED from src/main/AndroidManifest.xml:33:5-75
MERGED from [YaShiGe-Android-测试版:PushSDK:unspecified] AndroidManifest.xml:21:5-75
	android:name
		ADDED from src/main/AndroidManifest.xml:33:22-72
uses-permission#android.permission.GET_TASKS
ADDED from src/main/AndroidManifest.xml:34:5-68
MERGED from [YaShiGe-Android-测试版:PushSDK:unspecified] AndroidManifest.xml:22:5-68
	android:name
		ADDED from src/main/AndroidManifest.xml:34:22-65
uses-permission#android.permission.RECEIVE_BOOT_COMPLETED
ADDED from src/main/AndroidManifest.xml:35:5-81
MERGED from [YaShiGe-Android-测试版:PushSDK:unspecified] AndroidManifest.xml:23:5-81
	android:name
		ADDED from src/main/AndroidManifest.xml:35:22-78
uses-permission#android.permission.CHANGE_NETWORK_STATE
ADDED from src/main/AndroidManifest.xml:36:5-79
MERGED from [YaShiGe-Android-测试版:PushSDK:unspecified] AndroidManifest.xml:24:5-79
	android:name
		ADDED from src/main/AndroidManifest.xml:36:22-76
uses-permission#android.permission.CHANGE_WIFI_STATE
ADDED from src/main/AndroidManifest.xml:37:5-76
MERGED from [YaShiGe-Android-测试版:PushSDK:unspecified] AndroidManifest.xml:25:5-76
	android:name
		ADDED from src/main/AndroidManifest.xml:37:22-73
uses-permission#android.permission.ACCESS_LOCATION_EXTRA_COMMANDS
ADDED from src/main/AndroidManifest.xml:58:5-89
	android:name
		ADDED from src/main/AndroidManifest.xml:58:22-86
uses-permission#android.permission.BLUETOOTH
ADDED from src/main/AndroidManifest.xml:60:5-68
	android:name
		ADDED from src/main/AndroidManifest.xml:60:22-65
uses-permission#android.permission.BLUETOOTH_ADMIN
ADDED from src/main/AndroidManifest.xml:61:5-74
	android:name
		ADDED from src/main/AndroidManifest.xml:61:22-71
uses-permission#android.permission.VIBRATE
ADDED from src/main/AndroidManifest.xml:64:5-66
	android:name
		ADDED from src/main/AndroidManifest.xml:64:22-63
application
ADDED from src/main/AndroidManifest.xml:69:5-128:19
MERGED from [com.lovedise:permissiongen:0.0.6] AndroidManifest.xml:11:5-15:19
MERGED from [YaShiGe-Android-测试版:PushSDK:unspecified] AndroidManifest.xml:27:5-156:19
MERGED from [com.android.support.constraint:constraint-layout:1.0.0-beta2] AndroidManifest.xml:9:5-20
MERGED from [com.android.support:appcompat-v7:25.3.1] AndroidManifest.xml:29:5-20
MERGED from [com.android.support:animated-vector-drawable:25.3.1] AndroidManifest.xml:26:5-20
MERGED from [com.android.support:support-vector-drawable:25.3.1] AndroidManifest.xml:26:5-20
MERGED from [com.android.support:support-v4:25.3.1] AndroidManifest.xml:29:5-20
MERGED from [com.android.support:support-fragment:25.3.1] AndroidManifest.xml:29:5-20
MERGED from [com.android.support:support-media-compat:25.3.1] AndroidManifest.xml:29:5-20
MERGED from [com.android.support:support-core-ui:25.3.1] AndroidManifest.xml:29:5-20
MERGED from [com.android.support:support-core-utils:25.3.1] AndroidManifest.xml:29:5-20
MERGED from [com.android.support:support-compat:25.3.1] AndroidManifest.xml:29:5-20
	android:label
		ADDED from src/main/AndroidManifest.xml:73:9-41
	android:supportsRtl
		ADDED from src/main/AndroidManifest.xml:74:9-35
	android:allowBackup
		ADDED from src/main/AndroidManifest.xml:71:9-35
	android:icon
		ADDED from src/main/AndroidManifest.xml:72:9-39
	android:theme
		ADDED from src/main/AndroidManifest.xml:75:9-40
	android:name
		ADDED from src/main/AndroidManifest.xml:70:9-43
activity#com.ysg.yashige.ui.MainActivity
ADDED from src/main/AndroidManifest.xml:76:9-78:51
	android:launchMode
		ADDED from src/main/AndroidManifest.xml:78:13-48
	android:name
		ADDED from src/main/AndroidManifest.xml:77:13-44
meta-data#UMENG_APPKEY
ADDED from src/main/AndroidManifest.xml:80:9-82:56
	android:value
		ADDED from src/main/AndroidManifest.xml:82:13-53
	android:name
		ADDED from src/main/AndroidManifest.xml:81:13-40
meta-data#UMENG_MESSAGE_SECRET
ADDED from src/main/AndroidManifest.xml:83:9-85:64
	android:value
		ADDED from src/main/AndroidManifest.xml:85:13-61
	android:name
		ADDED from src/main/AndroidManifest.xml:84:13-48
meta-data#UMENG_CHANNEL
ADDED from src/main/AndroidManifest.xml:86:9-88:42
	android:value
		ADDED from src/main/AndroidManifest.xml:88:13-39
	android:name
		ADDED from src/main/AndroidManifest.xml:87:13-41
meta-data#com.amap.api.v2.apikey
ADDED from src/main/AndroidManifest.xml:91:9-93:64
	android:value
		ADDED from src/main/AndroidManifest.xml:93:13-61
	android:name
		ADDED from src/main/AndroidManifest.xml:92:13-50
service#com.amap.api.location.APSService
ADDED from src/main/AndroidManifest.xml:95:9-68
	android:name
		ADDED from src/main/AndroidManifest.xml:95:18-65
activity#com.ysg.yashige.ui.WebViewActivity
ADDED from src/main/AndroidManifest.xml:97:9-99:47
	android:theme
		ADDED from src/main/AndroidManifest.xml:99:13-44
	android:name
		ADDED from src/main/AndroidManifest.xml:98:13-47
activity#com.ysg.yashige.ui.LaunchActivity
ADDED from src/main/AndroidManifest.xml:100:9-106:20
	android:name
		ADDED from src/main/AndroidManifest.xml:100:19-52
intent-filter#android.intent.action.MAIN+android.intent.category.LAUNCHER
ADDED from src/main/AndroidManifest.xml:101:13-105:29
action#android.intent.action.MAIN
ADDED from src/main/AndroidManifest.xml:102:17-69
	android:name
		ADDED from src/main/AndroidManifest.xml:102:25-66
category#android.intent.category.LAUNCHER
ADDED from src/main/AndroidManifest.xml:104:17-77
	android:name
		ADDED from src/main/AndroidManifest.xml:104:27-74
activity#com.ysg.yashige.ui.WelcomeADActivity
ADDED from src/main/AndroidManifest.xml:107:9-58
	android:name
		ADDED from src/main/AndroidManifest.xml:107:19-55
activity#com.ysg.yashige.ui.PDFViewActivity
ADDED from src/main/AndroidManifest.xml:108:9-56
	android:name
		ADDED from src/main/AndroidManifest.xml:108:19-53
activity#com.ysg.yashige.ui.VideoActivity
ADDED from src/main/AndroidManifest.xml:109:9-112:53
	android:screenOrientation
		ADDED from src/main/AndroidManifest.xml:112:13-50
	android:configChanges
		ADDED from src/main/AndroidManifest.xml:111:13-74
	android:name
		ADDED from src/main/AndroidManifest.xml:110:13-45
provider#android.support.v4.content.FileProvider
ADDED from src/main/AndroidManifest.xml:114:9-122:20
	android:authorities
		ADDED from src/main/AndroidManifest.xml:116:13-54
	android:grantUriPermissions
		ADDED from src/main/AndroidManifest.xml:118:13-47
	android:exported
		ADDED from src/main/AndroidManifest.xml:117:13-37
	android:name
		ADDED from src/main/AndroidManifest.xml:115:13-67
meta-data#android.support.FILE_PROVIDER_PATHS
ADDED from src/main/AndroidManifest.xml:119:13-121:54
	android:resource
		ADDED from src/main/AndroidManifest.xml:121:17-51
	android:name
		ADDED from src/main/AndroidManifest.xml:120:17-67
activity#com.ysg.yashige.ui.NotificationWebViewActivity
ADDED from src/main/AndroidManifest.xml:124:9-126:46
	android:launchMode
		ADDED from src/main/AndroidManifest.xml:126:13-43
	android:name
		ADDED from src/main/AndroidManifest.xml:125:13-59
uses-sdk
INJECTED from src/main/AndroidManifest.xml reason: use-sdk injection requested
MERGED from [com.lovedise:permissiongen:0.0.6] AndroidManifest.xml:7:5-9:41
MERGED from [YaShiGe-Android-测试版:PushSDK:unspecified] AndroidManifest.xml:7:5-9:41
MERGED from [com.android.support.constraint:constraint-layout:1.0.0-beta2] AndroidManifest.xml:5:5-7:41
MERGED from [io.reactivex:rxandroid:1.1.0] AndroidManifest.xml:19:5-43
MERGED from [fm.jiecao:jiecaovideoplayer:5.6] AndroidManifest.xml:7:5-9:41
MERGED from [com.android.support:appcompat-v7:25.3.1] AndroidManifest.xml:21:5-23:78
MERGED from [com.android.support:animated-vector-drawable:25.3.1] AndroidManifest.xml:20:5-44
MERGED from [com.android.support:support-vector-drawable:25.3.1] AndroidManifest.xml:20:5-43
MERGED from [com.github.barteksc:android-pdf-viewer:2.7.0-beta.1] AndroidManifest.xml:7:5-9:41
MERGED from [com.github.barteksc:pdfium-android:1.7.0] AndroidManifest.xml:7:5-9:41
MERGED from [com.android.support:support-v4:25.3.1] AndroidManifest.xml:21:5-23:54
MERGED from [com.android.support:support-fragment:25.3.1] AndroidManifest.xml:21:5-23:60
MERGED from [com.android.support:support-media-compat:25.3.1] AndroidManifest.xml:21:5-23:63
MERGED from [com.android.support:support-core-ui:25.3.1] AndroidManifest.xml:21:5-23:58
MERGED from [com.android.support:support-core-utils:25.3.1] AndroidManifest.xml:21:5-23:61
MERGED from [com.jakewharton:butterknife:8.7.0] AndroidManifest.xml:5:5-43
MERGED from [com.android.support:support-compat:25.3.1] AndroidManifest.xml:21:5-23:58
	tools:overrideLibrary
		ADDED from [com.android.support:appcompat-v7:25.3.1] AndroidManifest.xml:23:9-75
	android:targetSdkVersion
		INJECTED from src/main/AndroidManifest.xml
		INJECTED from src/main/AndroidManifest.xml
	android:minSdkVersion
		INJECTED from src/main/AndroidManifest.xml
		INJECTED from src/main/AndroidManifest.xml
service#com.taobao.accs.ChannelService
ADDED from [YaShiGe-Android-测试版:PushSDK:unspecified] AndroidManifest.xml:28:9-38:19
	android:process
		ADDED from [YaShiGe-Android-测试版:PushSDK:unspecified] AndroidManifest.xml:31:13-39
	android:exported
		ADDED from [YaShiGe-Android-测试版:PushSDK:unspecified] AndroidManifest.xml:30:13-36
	android:name
		ADDED from [YaShiGe-Android-测试版:PushSDK:unspecified] AndroidManifest.xml:29:13-58
intent-filter#com.taobao.accs.intent.action.SERVICE
ADDED from [YaShiGe-Android-测试版:PushSDK:unspecified] AndroidManifest.xml:32:13-34:29
action#com.taobao.accs.intent.action.SERVICE
ADDED from [YaShiGe-Android-测试版:PushSDK:unspecified] AndroidManifest.xml:33:17-80
	android:name
		ADDED from [YaShiGe-Android-测试版:PushSDK:unspecified] AndroidManifest.xml:33:25-77
intent-filter#com.taobao.accs.intent.action.ELECTION
ADDED from [YaShiGe-Android-测试版:PushSDK:unspecified] AndroidManifest.xml:35:13-37:29
action#com.taobao.accs.intent.action.ELECTION
ADDED from [YaShiGe-Android-测试版:PushSDK:unspecified] AndroidManifest.xml:36:17-81
	android:name
		ADDED from [YaShiGe-Android-测试版:PushSDK:unspecified] AndroidManifest.xml:36:25-78
service#com.taobao.accs.data.MsgDistributeService
ADDED from [YaShiGe-Android-测试版:PushSDK:unspecified] AndroidManifest.xml:39:9-45:19
	android:exported
		ADDED from [YaShiGe-Android-测试版:PushSDK:unspecified] AndroidManifest.xml:41:13-36
	android:name
		ADDED from [YaShiGe-Android-测试版:PushSDK:unspecified] AndroidManifest.xml:40:13-69
intent-filter#com.taobao.accs.intent.action.RECEIVE
ADDED from [YaShiGe-Android-测试版:PushSDK:unspecified] AndroidManifest.xml:42:13-44:29
action#com.taobao.accs.intent.action.RECEIVE
ADDED from [YaShiGe-Android-测试版:PushSDK:unspecified] AndroidManifest.xml:43:17-80
	android:name
		ADDED from [YaShiGe-Android-测试版:PushSDK:unspecified] AndroidManifest.xml:43:25-77
receiver#com.taobao.accs.EventReceiver
ADDED from [YaShiGe-Android-测试版:PushSDK:unspecified] AndroidManifest.xml:47:9-64:20
	android:process
		ADDED from [YaShiGe-Android-测试版:PushSDK:unspecified] AndroidManifest.xml:49:13-39
	android:name
		ADDED from [YaShiGe-Android-测试版:PushSDK:unspecified] AndroidManifest.xml:48:13-57
intent-filter#android.intent.action.BOOT_COMPLETED
ADDED from [YaShiGe-Android-测试版:PushSDK:unspecified] AndroidManifest.xml:50:13-52:29
action#android.intent.action.BOOT_COMPLETED
ADDED from [YaShiGe-Android-测试版:PushSDK:unspecified] AndroidManifest.xml:51:17-79
	android:name
		ADDED from [YaShiGe-Android-测试版:PushSDK:unspecified] AndroidManifest.xml:51:25-76
intent-filter#android.net.conn.CONNECTIVITY_CHANGE
ADDED from [YaShiGe-Android-测试版:PushSDK:unspecified] AndroidManifest.xml:53:13-55:29
action#android.net.conn.CONNECTIVITY_CHANGE
ADDED from [YaShiGe-Android-测试版:PushSDK:unspecified] AndroidManifest.xml:54:17-79
	android:name
		ADDED from [YaShiGe-Android-测试版:PushSDK:unspecified] AndroidManifest.xml:54:25-76
intent-filter#android.intent.action.PACKAGE_REMOVED
ADDED from [YaShiGe-Android-测试版:PushSDK:unspecified] AndroidManifest.xml:56:13-60:29
action#android.intent.action.PACKAGE_REMOVED
ADDED from [YaShiGe-Android-测试版:PushSDK:unspecified] AndroidManifest.xml:57:17-80
	android:name
		ADDED from [YaShiGe-Android-测试版:PushSDK:unspecified] AndroidManifest.xml:57:25-77
data
ADDED from [YaShiGe-Android-测试版:PushSDK:unspecified] AndroidManifest.xml:59:17-50
	android:scheme
		ADDED from [YaShiGe-Android-测试版:PushSDK:unspecified] AndroidManifest.xml:59:23-47
intent-filter#android.intent.action.USER_PRESENT
ADDED from [YaShiGe-Android-测试版:PushSDK:unspecified] AndroidManifest.xml:61:13-63:29
action#android.intent.action.USER_PRESENT
ADDED from [YaShiGe-Android-测试版:PushSDK:unspecified] AndroidManifest.xml:62:17-77
	android:name
		ADDED from [YaShiGe-Android-测试版:PushSDK:unspecified] AndroidManifest.xml:62:25-74
receiver#com.taobao.accs.ServiceReceiver
ADDED from [YaShiGe-Android-测试版:PushSDK:unspecified] AndroidManifest.xml:65:9-74:20
	android:process
		ADDED from [YaShiGe-Android-测试版:PushSDK:unspecified] AndroidManifest.xml:67:13-39
	android:name
		ADDED from [YaShiGe-Android-测试版:PushSDK:unspecified] AndroidManifest.xml:66:13-59
intent-filter#com.taobao.accs.intent.action.COMMAND
ADDED from [YaShiGe-Android-测试版:PushSDK:unspecified] AndroidManifest.xml:68:13-70:29
action#com.taobao.accs.intent.action.COMMAND
ADDED from [YaShiGe-Android-测试版:PushSDK:unspecified] AndroidManifest.xml:69:17-80
	android:name
		ADDED from [YaShiGe-Android-测试版:PushSDK:unspecified] AndroidManifest.xml:69:25-77
intent-filter#com.taobao.accs.intent.action.START_FROM_AGOO
ADDED from [YaShiGe-Android-测试版:PushSDK:unspecified] AndroidManifest.xml:71:13-73:29
action#com.taobao.accs.intent.action.START_FROM_AGOO
ADDED from [YaShiGe-Android-测试版:PushSDK:unspecified] AndroidManifest.xml:72:17-88
	android:name
		ADDED from [YaShiGe-Android-测试版:PushSDK:unspecified] AndroidManifest.xml:72:25-85
service#com.taobao.accs.ChannelService$KernelService
ADDED from [YaShiGe-Android-测试版:PushSDK:unspecified] AndroidManifest.xml:76:9-78:42
	android:process
		ADDED from [YaShiGe-Android-测试版:PushSDK:unspecified] AndroidManifest.xml:78:13-39
	android:name
		ADDED from [YaShiGe-Android-测试版:PushSDK:unspecified] AndroidManifest.xml:77:13-72
service#org.android.agoo.accs.AgooService
ADDED from [YaShiGe-Android-测试版:PushSDK:unspecified] AndroidManifest.xml:79:9-85:19
	android:exported
		ADDED from [YaShiGe-Android-测试版:PushSDK:unspecified] AndroidManifest.xml:81:13-36
	android:name
		ADDED from [YaShiGe-Android-测试版:PushSDK:unspecified] AndroidManifest.xml:80:13-61
service#com.umeng.message.UmengIntentService
ADDED from [YaShiGe-Android-测试版:PushSDK:unspecified] AndroidManifest.xml:86:9-93:19
	android:process
		ADDED from [YaShiGe-Android-测试版:PushSDK:unspecified] AndroidManifest.xml:89:13-39
	android:exported
		ADDED from [YaShiGe-Android-测试版:PushSDK:unspecified] AndroidManifest.xml:88:13-36
	android:name
		ADDED from [YaShiGe-Android-测试版:PushSDK:unspecified] AndroidManifest.xml:87:13-64
intent-filter#org.agoo.android.intent.action.RECEIVE
ADDED from [YaShiGe-Android-测试版:PushSDK:unspecified] AndroidManifest.xml:90:13-92:29
action#org.agoo.android.intent.action.RECEIVE
ADDED from [YaShiGe-Android-测试版:PushSDK:unspecified] AndroidManifest.xml:91:17-81
	android:name
		ADDED from [YaShiGe-Android-测试版:PushSDK:unspecified] AndroidManifest.xml:91:25-78
service#com.umeng.message.XiaomiIntentService
ADDED from [YaShiGe-Android-测试版:PushSDK:unspecified] AndroidManifest.xml:94:9-101:19
	android:process
		ADDED from [YaShiGe-Android-测试版:PushSDK:unspecified] AndroidManifest.xml:97:13-39
	android:exported
		ADDED from [YaShiGe-Android-测试版:PushSDK:unspecified] AndroidManifest.xml:96:13-36
	android:name
		ADDED from [YaShiGe-Android-测试版:PushSDK:unspecified] AndroidManifest.xml:95:13-65
receiver#com.taobao.agoo.AgooCommondReceiver
ADDED from [YaShiGe-Android-测试版:PushSDK:unspecified] AndroidManifest.xml:103:9-115:20
	android:process
		ADDED from [YaShiGe-Android-测试版:PushSDK:unspecified] AndroidManifest.xml:106:13-39
	android:exported
		ADDED from [YaShiGe-Android-测试版:PushSDK:unspecified] AndroidManifest.xml:105:13-36
	android:name
		ADDED from [YaShiGe-Android-测试版:PushSDK:unspecified] AndroidManifest.xml:104:13-63
intent-filter#${applicationId}.intent.action.COMMAND
ADDED from [YaShiGe-Android-测试版:PushSDK:unspecified] AndroidManifest.xml:107:13-109:29
action#${applicationId}.intent.action.COMMAND
ADDED from [YaShiGe-Android-测试版:PushSDK:unspecified] AndroidManifest.xml:108:17-81
	android:name
		ADDED from [YaShiGe-Android-测试版:PushSDK:unspecified] AndroidManifest.xml:108:25-78
service#com.umeng.message.UmengMessageIntentReceiverService
ADDED from [YaShiGe-Android-测试版:PushSDK:unspecified] AndroidManifest.xml:117:9-124:19
	android:process
		ADDED from [YaShiGe-Android-测试版:PushSDK:unspecified] AndroidManifest.xml:120:13-39
	android:exported
		ADDED from [YaShiGe-Android-测试版:PushSDK:unspecified] AndroidManifest.xml:119:13-36
	android:name
		ADDED from [YaShiGe-Android-测试版:PushSDK:unspecified] AndroidManifest.xml:118:13-79
intent-filter#org.android.agoo.client.MessageReceiverService
ADDED from [YaShiGe-Android-测试版:PushSDK:unspecified] AndroidManifest.xml:121:13-123:29
action#org.android.agoo.client.MessageReceiverService
ADDED from [YaShiGe-Android-测试版:PushSDK:unspecified] AndroidManifest.xml:122:17-89
	android:name
		ADDED from [YaShiGe-Android-测试版:PushSDK:unspecified] AndroidManifest.xml:122:25-86
receiver#com.umeng.message.NotificationProxyBroadcastReceiver
ADDED from [YaShiGe-Android-测试版:PushSDK:unspecified] AndroidManifest.xml:126:9-128:40
	android:exported
		ADDED from [YaShiGe-Android-测试版:PushSDK:unspecified] AndroidManifest.xml:128:13-37
	android:name
		ADDED from [YaShiGe-Android-测试版:PushSDK:unspecified] AndroidManifest.xml:127:13-80
service#com.umeng.message.UmengMessageCallbackHandlerService
ADDED from [YaShiGe-Android-测试版:PushSDK:unspecified] AndroidManifest.xml:130:9-145:19
	android:exported
		ADDED from [YaShiGe-Android-测试版:PushSDK:unspecified] AndroidManifest.xml:132:13-37
	android:name
		ADDED from [YaShiGe-Android-测试版:PushSDK:unspecified] AndroidManifest.xml:131:13-80
intent-filter#com.umeng.messge.registercallback.action
ADDED from [YaShiGe-Android-测试版:PushSDK:unspecified] AndroidManifest.xml:133:13-135:29
action#com.umeng.messge.registercallback.action
ADDED from [YaShiGe-Android-测试版:PushSDK:unspecified] AndroidManifest.xml:134:17-83
	android:name
		ADDED from [YaShiGe-Android-测试版:PushSDK:unspecified] AndroidManifest.xml:134:25-80
intent-filter#com.umeng.message.enablecallback.action
ADDED from [YaShiGe-Android-测试版:PushSDK:unspecified] AndroidManifest.xml:136:13-138:29
action#com.umeng.message.enablecallback.action
ADDED from [YaShiGe-Android-测试版:PushSDK:unspecified] AndroidManifest.xml:137:17-82
	android:name
		ADDED from [YaShiGe-Android-测试版:PushSDK:unspecified] AndroidManifest.xml:137:25-79
intent-filter#com.umeng.message.disablecallback.action
ADDED from [YaShiGe-Android-测试版:PushSDK:unspecified] AndroidManifest.xml:139:13-141:29
action#com.umeng.message.disablecallback.action
ADDED from [YaShiGe-Android-测试版:PushSDK:unspecified] AndroidManifest.xml:140:17-83
	android:name
		ADDED from [YaShiGe-Android-测试版:PushSDK:unspecified] AndroidManifest.xml:140:25-80
intent-filter#com.umeng.message.message.handler.action
ADDED from [YaShiGe-Android-测试版:PushSDK:unspecified] AndroidManifest.xml:142:13-144:29
action#com.umeng.message.message.handler.action
ADDED from [YaShiGe-Android-测试版:PushSDK:unspecified] AndroidManifest.xml:143:17-83
	android:name
		ADDED from [YaShiGe-Android-测试版:PushSDK:unspecified] AndroidManifest.xml:143:25-80
service#com.umeng.message.UmengDownloadResourceService
ADDED from [YaShiGe-Android-测试版:PushSDK:unspecified] AndroidManifest.xml:146:9-148:40
	android:exported
		ADDED from [YaShiGe-Android-测试版:PushSDK:unspecified] AndroidManifest.xml:148:13-37
	android:name
		ADDED from [YaShiGe-Android-测试版:PushSDK:unspecified] AndroidManifest.xml:147:13-74
provider#com.umeng.message.provider.MessageProvider
ADDED from [YaShiGe-Android-测试版:PushSDK:unspecified] AndroidManifest.xml:150:9-155:20
	android:authorities
		ADDED from [YaShiGe-Android-测试版:PushSDK:unspecified] AndroidManifest.xml:152:13-65
	android:exported
		ADDED from [YaShiGe-Android-测试版:PushSDK:unspecified] AndroidManifest.xml:153:13-37
	android:name
		ADDED from [YaShiGe-Android-测试版:PushSDK:unspecified] AndroidManifest.xml:151:13-70
grant-uri-permission
ADDED from [YaShiGe-Android-测试版:PushSDK:unspecified] AndroidManifest.xml:154:13-62
	android:pathPattern
		ADDED from [YaShiGe-Android-测试版:PushSDK:unspecified] AndroidManifest.xml:154:35-59
meta-data#android.support.VERSION
ADDED from [com.android.support:appcompat-v7:25.3.1] AndroidManifest.xml:25:5-27:34
MERGED from [com.android.support:animated-vector-drawable:25.3.1] AndroidManifest.xml:22:5-24:34
MERGED from [com.android.support:support-vector-drawable:25.3.1] AndroidManifest.xml:22:5-24:34
MERGED from [com.android.support:support-v4:25.3.1] AndroidManifest.xml:25:5-27:34
MERGED from [com.android.support:support-fragment:25.3.1] AndroidManifest.xml:25:5-27:34
MERGED from [com.android.support:support-media-compat:25.3.1] AndroidManifest.xml:25:5-27:34
MERGED from [com.android.support:support-core-ui:25.3.1] AndroidManifest.xml:25:5-27:34
MERGED from [com.android.support:support-core-utils:25.3.1] AndroidManifest.xml:25:5-27:34
MERGED from [com.android.support:support-compat:25.3.1] AndroidManifest.xml:25:5-27:34
	android:value
		ADDED from [com.android.support:appcompat-v7:25.3.1] AndroidManifest.xml:27:9-31
	android:name
		ADDED from [com.android.support:appcompat-v7:25.3.1] AndroidManifest.xml:26:9-47